TN:
SF:api\server.js
FNF:0
FNH:0
DA:1,1
DA:2,1
DA:3,1
DA:4,1
DA:5,1
DA:6,1
DA:7,1
DA:8,1
DA:9,1
DA:10,1
DA:11,1
DA:12,1
DA:13,1
DA:14,1
DA:15,0
DA:16,0
DA:17,0
DA:18,0
DA:19,0
DA:20,0
DA:21,1
DA:22,1
LF:22
LH:16
BRF:0
BRH:0
end_of_record
TN:
SF:api\pokemon\pokemon-model.js
FN:3,getAll
FN:7,getById
FN:11,getBy
FN:15,insert
FN:20,update
FN:25,remove
FNF:6
FNH:5
FNDA:6,getAll
FNDA:9,getById
FNDA:0,getBy
FNDA:2,insert
FNDA:2,update
FNDA:2,remove
DA:1,1
DA:2,1
DA:3,6
DA:4,6
DA:5,6
DA:6,1
DA:7,9
DA:8,9
DA:9,9
DA:10,1
DA:11,0
DA:12,0
DA:13,0
DA:14,1
DA:15,2
DA:16,2
DA:17,2
DA:18,2
DA:19,1
DA:20,2
DA:21,2
DA:22,2
DA:23,2
DA:24,1
DA:25,2
DA:26,2
DA:27,2
DA:28,2
DA:29,2
DA:30,1
DA:31,1
DA:32,1
DA:33,1
DA:34,1
DA:35,1
DA:36,1
DA:37,1
DA:38,1
LF:38
LH:35
BRDA:3,0,0,6
BRDA:7,1,0,9
BRDA:15,2,0,2
BRDA:20,3,0,2
BRDA:25,4,0,2
BRF:5
BRH:5
end_of_record
TN:
SF:data\db-config.js
FNF:0
FNH:0
DA:1,1
DA:2,1
DA:3,1
DA:4,1
DA:5,1
LF:5
LH:5
BRDA:3,0,0,0
BRF:1
BRH:0
end_of_record
